[2025-05-05 14:43:12,214: INFO: main: Welcome to the CNN Classifier]
[2025-05-05 14:43:20,644: INFO: main: Welcome to the CNN Classifier]
[2025-05-05 15:47:04,707: INFO: common: yaml file: config\config.yaml loaded successfully]
[2025-05-05 15:47:04,709: INFO: common: yaml file: params.yaml loaded successfully]
[2025-05-05 15:47:04,710: INFO: common: created directory at: artifacts]
[2025-05-05 15:47:04,712: INFO: common: created directory at: artifacts/data_ingestion]
[2025-05-05 15:47:04,713: INFO: 2187018522: Downloading data from https://drive.google.com/file/d/1rUPO5fl7EeoE_oSRH--tiLY9fn-1Niso/view?usp=sharing to artifacts/data_ingestion/data.zip]
[2025-05-05 15:47:12,035: INFO: 2187018522: Downloaded data from https://drive.google.com/file/d/1rUPO5fl7EeoE_oSRH--tiLY9fn-1Niso/view?usp=sharing to artifacts/data_ingestion/data.zip]
[2025-05-05 15:49:21,443: INFO: common: yaml file: config\config.yaml loaded successfully]
[2025-05-05 15:49:21,444: INFO: common: yaml file: params.yaml loaded successfully]
[2025-05-05 15:49:21,445: INFO: common: created directory at: artifacts]
[2025-05-05 15:49:21,446: INFO: common: created directory at: artifacts/data_ingestion]
[2025-05-05 15:49:21,447: INFO: 329266585: Downloading data from https://drive.google.com/file/d/1rUPO5fl7EeoE_oSRH--tiLY9fn-1Niso/view?usp=sharing to artifacts/data_ingestion/data.zip]
[2025-05-05 15:49:29,255: INFO: 329266585: Downloaded data from https://drive.google.com/file/d/1rUPO5fl7EeoE_oSRH--tiLY9fn-1Niso/view?usp=sharing to artifacts/data_ingestion/data.zip]
[2025-05-05 16:00:17,942: INFO: main: >>>>>> stage Data Ingestion Stage started <<<<<<]
[2025-05-05 16:00:17,944: INFO: common: yaml file: config\config.yaml loaded successfully]
[2025-05-05 16:00:17,944: INFO: common: yaml file: params.yaml loaded successfully]
[2025-05-05 16:00:17,945: INFO: common: created directory at: artifacts]
[2025-05-05 16:00:17,945: INFO: common: created directory at: artifacts/data_ingestion]
[2025-05-05 16:00:17,946: INFO: data_ingestion: Downloading data from https://drive.google.com/file/d/1rUPO5fl7EeoE_oSRH--tiLY9fn-1Niso/view?usp=sharing to artifacts/data_ingestion/data.zip]
[2025-05-05 16:00:24,742: INFO: data_ingestion: Downloaded data from https://drive.google.com/file/d/1rUPO5fl7EeoE_oSRH--tiLY9fn-1Niso/view?usp=sharing to artifacts/data_ingestion/data.zip]
[2025-05-05 16:00:24,987: INFO: main: >>>>>> stage Data Ingestion Stage completed <<<<<<

x==========x]
[2025-05-05 21:30:13,040: INFO: common: yaml file: config\config.yaml loaded successfully]
[2025-05-05 21:30:13,043: INFO: common: yaml file: params.yaml loaded successfully]
[2025-05-05 21:30:13,045: INFO: common: created directory at: artifacts]
[2025-05-05 21:30:13,046: INFO: common: created directory at: artifacts/prepare_base_model]
[2025-05-05 21:30:58,745: INFO: common: yaml file: config\config.yaml loaded successfully]
[2025-05-05 21:30:58,747: INFO: common: yaml file: params.yaml loaded successfully]
[2025-05-05 21:30:58,748: INFO: common: created directory at: artifacts]
[2025-05-05 21:30:58,749: INFO: common: created directory at: artifacts/prepare_base_model]
[2025-05-05 21:31:04,962: WARNING: saving_api: You are saving your model as an HDF5 file via `model.save()` or `keras.saving.save_model(model)`. This file format is considered legacy. We recommend using instead the native Keras format, e.g. `model.save('my_model.keras')` or `keras.saving.save_model(model, 'my_model.keras')`. ]
[2025-05-05 21:31:39,163: INFO: common: yaml file: config\config.yaml loaded successfully]
[2025-05-05 21:31:39,165: INFO: common: yaml file: params.yaml loaded successfully]
[2025-05-05 21:31:39,167: INFO: common: created directory at: artifacts]
[2025-05-05 21:31:39,168: INFO: common: created directory at: artifacts/prepare_base_model]
[2025-05-05 21:31:39,353: WARNING: saving_api: You are saving your model as an HDF5 file via `model.save()` or `keras.saving.save_model(model)`. This file format is considered legacy. We recommend using instead the native Keras format, e.g. `model.save('my_model.keras')` or `keras.saving.save_model(model, 'my_model.keras')`. ]
[2025-05-05 21:31:39,456: WARNING: saving_api: You are saving your model as an HDF5 file via `model.save()` or `keras.saving.save_model(model)`. This file format is considered legacy. We recommend using instead the native Keras format, e.g. `model.save('my_model.keras')` or `keras.saving.save_model(model, 'my_model.keras')`. ]
[2025-05-05 21:49:28,735: INFO: main: >>>>>> stage Data Ingestion Stage started <<<<<<]
[2025-05-05 21:49:28,736: INFO: common: yaml file: config\config.yaml loaded successfully]
[2025-05-05 21:49:28,738: INFO: common: yaml file: params.yaml loaded successfully]
[2025-05-05 21:49:28,738: INFO: common: created directory at: artifacts]
[2025-05-05 21:49:28,738: ERROR: main: 'ConfigurationManager' object has no attribute 'get_data_ingestion_config']
Traceback (most recent call last):
  File "C:\Users\aldoe\Documents\Projects_Python\CT-SCAN\main.py", line 10, in <module>
    obj.main()
  File "c:\users\aldoe\documents\projects_python\ct-scan\src\cnnClassifier\pipeline\stage_01_data_ingestion.py", line 20, in main
    raise e
  File "c:\users\aldoe\documents\projects_python\ct-scan\src\cnnClassifier\pipeline\stage_01_data_ingestion.py", line 15, in main
    data_ingestion_config = config.get_data_ingestion_config()
AttributeError: 'ConfigurationManager' object has no attribute 'get_data_ingestion_config'
[2025-05-05 21:51:42,101: INFO: main: >>>>>> stage Data Ingestion Stage started <<<<<<]
[2025-05-05 21:51:42,102: INFO: common: yaml file: config\config.yaml loaded successfully]
[2025-05-05 21:51:42,102: INFO: common: yaml file: params.yaml loaded successfully]
[2025-05-05 21:51:42,104: INFO: common: created directory at: artifacts]
[2025-05-05 21:51:42,104: INFO: common: created directory at: artifacts/data_ingestion]
[2025-05-05 21:51:42,104: INFO: data_ingestion: Downloading data from https://drive.google.com/file/d/1rUPO5fl7EeoE_oSRH--tiLY9fn-1Niso/view?usp=sharing to artifacts/data_ingestion/data.zip]
[2025-05-05 21:51:48,177: INFO: data_ingestion: Downloaded data from https://drive.google.com/file/d/1rUPO5fl7EeoE_oSRH--tiLY9fn-1Niso/view?usp=sharing to artifacts/data_ingestion/data.zip]
[2025-05-05 21:51:48,366: INFO: main: >>>>>> stage Data Ingestion Stage completed <<<<<<

x==========x]
[2025-05-05 21:51:48,366: INFO: main: >>>>>> stage Prepare Base Model started <<<<<<]
[2025-05-05 21:51:48,367: INFO: common: yaml file: config\config.yaml loaded successfully]
[2025-05-05 21:51:48,368: INFO: common: yaml file: params.yaml loaded successfully]
[2025-05-05 21:51:48,369: INFO: common: created directory at: artifacts]
[2025-05-05 21:51:48,369: INFO: common: created directory at: artifacts/prepare_base_model]
[2025-05-05 21:51:48,624: WARNING: saving_api: You are saving your model as an HDF5 file via `model.save()` or `keras.saving.save_model(model)`. This file format is considered legacy. We recommend using instead the native Keras format, e.g. `model.save('my_model.keras')` or `keras.saving.save_model(model, 'my_model.keras')`. ]
[2025-05-05 21:51:48,730: WARNING: saving_api: You are saving your model as an HDF5 file via `model.save()` or `keras.saving.save_model(model)`. This file format is considered legacy. We recommend using instead the native Keras format, e.g. `model.save('my_model.keras')` or `keras.saving.save_model(model, 'my_model.keras')`. ]
[2025-05-05 21:51:48,805: INFO: main: >>>>>> stage Prepare Base Model completed <<<<<<

x==========x]
[2025-05-06 11:12:45,843: INFO: main: >>>>>> stage Data Ingestion Stage started <<<<<<]
[2025-05-06 11:12:45,844: INFO: common: yaml file: config\config.yaml loaded successfully]
[2025-05-06 11:12:45,846: INFO: common: yaml file: params.yaml loaded successfully]
[2025-05-06 11:12:45,847: INFO: common: created directory at: artifacts]
[2025-05-06 11:12:45,847: INFO: common: created directory at: artifacts/data_ingestion]
[2025-05-06 11:12:45,848: INFO: data_ingestion: Downloading data from https://drive.google.com/file/d/1Tzusrrt9iAf0MgjTZSzgbcutEfhENsXA/view?usp=sharing to artifacts/data_ingestion/data.zip]
[2025-05-06 11:12:50,756: INFO: data_ingestion: Downloaded data from https://drive.google.com/file/d/1Tzusrrt9iAf0MgjTZSzgbcutEfhENsXA/view?usp=sharing to artifacts/data_ingestion/data.zip]
[2025-05-06 11:12:50,967: INFO: main: >>>>>> stage Data Ingestion Stage completed <<<<<<

x==========x]
[2025-05-06 11:12:50,967: INFO: main: >>>>>> stage Prepare Base Model started <<<<<<]
[2025-05-06 11:12:50,968: INFO: common: yaml file: config\config.yaml loaded successfully]
[2025-05-06 11:12:50,969: INFO: common: yaml file: params.yaml loaded successfully]
[2025-05-06 11:12:50,970: INFO: common: created directory at: artifacts]
[2025-05-06 11:12:50,970: INFO: common: created directory at: artifacts/prepare_base_model]
[2025-05-06 11:12:51,350: WARNING: saving_api: You are saving your model as an HDF5 file via `model.save()` or `keras.saving.save_model(model)`. This file format is considered legacy. We recommend using instead the native Keras format, e.g. `model.save('my_model.keras')` or `keras.saving.save_model(model, 'my_model.keras')`. ]
[2025-05-06 11:12:51,454: WARNING: saving_api: You are saving your model as an HDF5 file via `model.save()` or `keras.saving.save_model(model)`. This file format is considered legacy. We recommend using instead the native Keras format, e.g. `model.save('my_model.keras')` or `keras.saving.save_model(model, 'my_model.keras')`. ]
[2025-05-06 11:12:51,524: INFO: main: >>>>>> stage Prepare Base Model completed <<<<<<

x==========x]
[2025-05-06 11:54:10,705: WARNING: module_wrapper: From c:\users\aldoe\documents\projects_python\ct-scan\src\cnnClassifier\components\model_trainer.py:7: The name tf.enable_eager_execution is deprecated. Please use tf.compat.v1.enable_eager_execution instead.
]
[2025-05-06 11:54:10,706: INFO: main: >>>>>> stage Data Ingestion Stage started <<<<<<]
[2025-05-06 11:54:10,707: INFO: common: yaml file: config\config.yaml loaded successfully]
[2025-05-06 11:54:10,708: INFO: common: yaml file: params.yaml loaded successfully]
[2025-05-06 11:54:10,709: INFO: common: created directory at: artifacts]
[2025-05-06 11:54:10,709: INFO: common: created directory at: artifacts/data_ingestion]
[2025-05-06 11:54:10,710: INFO: data_ingestion: Downloading data from https://drive.google.com/file/d/1Tzusrrt9iAf0MgjTZSzgbcutEfhENsXA/view?usp=sharing to artifacts/data_ingestion/data.zip]
[2025-05-06 11:54:18,059: INFO: data_ingestion: Downloaded data from https://drive.google.com/file/d/1Tzusrrt9iAf0MgjTZSzgbcutEfhENsXA/view?usp=sharing to artifacts/data_ingestion/data.zip]
[2025-05-06 11:54:18,293: INFO: main: >>>>>> stage Data Ingestion Stage completed <<<<<<

x==========x]
[2025-05-06 11:54:18,293: INFO: main: >>>>>> stage Prepare Base Model started <<<<<<]
[2025-05-06 11:54:18,295: INFO: common: yaml file: config\config.yaml loaded successfully]
[2025-05-06 11:54:18,296: INFO: common: yaml file: params.yaml loaded successfully]
[2025-05-06 11:54:18,297: INFO: common: created directory at: artifacts]
[2025-05-06 11:54:18,297: INFO: common: created directory at: artifacts/prepare_base_model]
[2025-05-06 11:54:18,608: WARNING: saving_api: You are saving your model as an HDF5 file via `model.save()` or `keras.saving.save_model(model)`. This file format is considered legacy. We recommend using instead the native Keras format, e.g. `model.save('my_model.keras')` or `keras.saving.save_model(model, 'my_model.keras')`. ]
[2025-05-06 11:54:18,742: WARNING: saving_api: You are saving your model as an HDF5 file via `model.save()` or `keras.saving.save_model(model)`. This file format is considered legacy. We recommend using instead the native Keras format, e.g. `model.save('my_model.keras')` or `keras.saving.save_model(model, 'my_model.keras')`. ]
[2025-05-06 11:54:18,852: INFO: main: >>>>>> stage Prepare Base Model completed <<<<<<

x==========x]
[2025-05-06 11:54:18,853: INFO: main: >>>>>> stage Training started <<<<<<]
[2025-05-06 11:54:18,854: INFO: common: yaml file: config\config.yaml loaded successfully]
[2025-05-06 11:54:18,855: INFO: common: yaml file: params.yaml loaded successfully]
[2025-05-06 11:54:18,856: INFO: common: created directory at: artifacts]
[2025-05-06 11:54:18,856: INFO: common: created directory at: artifacts\training]
[2025-05-06 11:54:35,787: WARNING: saving_api: You are saving your model as an HDF5 file via `model.save()` or `keras.saving.save_model(model)`. This file format is considered legacy. We recommend using instead the native Keras format, e.g. `model.save('my_model.keras')` or `keras.saving.save_model(model, 'my_model.keras')`. ]
[2025-05-06 11:54:35,912: INFO: main: >>>>>> stage Training completed <<<<<<

x==========x]
