[2025-05-06 11:38:31,905: INFO: common: yaml file: config\config.yaml loaded successfully]
[2025-05-06 11:38:31,908: INFO: common: yaml file: params.yaml loaded successfully]
[2025-05-06 11:38:31,909: INFO: common: created directory at: artifacts]
[2025-05-06 11:38:31,910: INFO: common: created directory at: artifacts\training]
[2025-05-06 11:38:32,116: WARNING: saving_utils: Compiled the loaded model, but the compiled metrics have yet to be built. `model.compile_metrics` will be empty until you train or evaluate the model.]
[2025-05-06 11:39:08,140: INFO: common: yaml file: config\config.yaml loaded successfully]
[2025-05-06 11:39:08,143: INFO: common: yaml file: params.yaml loaded successfully]
[2025-05-06 11:39:08,145: INFO: common: created directory at: artifacts]
[2025-05-06 11:39:08,146: INFO: common: created directory at: artifacts\training]
[2025-05-06 11:39:08,284: WARNING: saving_utils: Compiled the loaded model, but the compiled metrics have yet to be built. `model.compile_metrics` will be empty until you train or evaluate the model.]
[2025-05-06 11:39:32,350: INFO: common: yaml file: config\config.yaml loaded successfully]
[2025-05-06 11:39:32,353: INFO: common: yaml file: params.yaml loaded successfully]
[2025-05-06 11:39:32,355: INFO: common: created directory at: artifacts]
[2025-05-06 11:39:32,356: INFO: common: created directory at: artifacts\training]
[2025-05-06 11:39:32,480: WARNING: saving_utils: Compiled the loaded model, but the compiled metrics have yet to be built. `model.compile_metrics` will be empty until you train or evaluate the model.]
[2025-05-06 11:40:33,218: WARNING: module_wrapper: From C:\Users\aldoe\AppData\Local\Temp\ipykernel_31020\1247457512.py:4: The name tf.enable_eager_execution is deprecated. Please use tf.compat.v1.enable_eager_execution instead.
]
[2025-05-06 11:40:33,510: INFO: common: yaml file: config\config.yaml loaded successfully]
[2025-05-06 11:40:33,513: INFO: common: yaml file: params.yaml loaded successfully]
[2025-05-06 11:40:33,515: INFO: common: created directory at: artifacts]
[2025-05-06 11:40:33,517: INFO: common: created directory at: artifacts\training]
[2025-05-06 11:40:33,675: WARNING: saving_utils: Compiled the loaded model, but the compiled metrics have yet to be built. `model.compile_metrics` will be empty until you train or evaluate the model.]
[2025-05-06 11:42:24,850: INFO: common: yaml file: config\config.yaml loaded successfully]
[2025-05-06 11:42:24,852: INFO: common: yaml file: params.yaml loaded successfully]
[2025-05-06 11:42:24,853: INFO: common: created directory at: artifacts]
[2025-05-06 11:42:24,855: INFO: common: created directory at: artifacts\training]
[2025-05-06 11:42:24,976: WARNING: saving_utils: Compiled the loaded model, but the compiled metrics have yet to be built. `model.compile_metrics` will be empty until you train or evaluate the model.]
[2025-05-06 11:42:58,109: INFO: common: yaml file: config\config.yaml loaded successfully]
[2025-05-06 11:42:58,111: INFO: common: yaml file: params.yaml loaded successfully]
[2025-05-06 11:42:58,113: INFO: common: created directory at: artifacts]
[2025-05-06 11:42:58,114: INFO: common: created directory at: artifacts\training]
[2025-05-06 11:42:58,249: WARNING: saving_utils: Compiled the loaded model, but the compiled metrics have yet to be built. `model.compile_metrics` will be empty until you train or evaluate the model.]
[2025-05-06 11:44:41,440: INFO: common: yaml file: config\config.yaml loaded successfully]
[2025-05-06 11:44:41,444: INFO: common: yaml file: params.yaml loaded successfully]
[2025-05-06 11:44:41,446: INFO: common: created directory at: artifacts]
[2025-05-06 11:44:41,448: INFO: common: created directory at: artifacts\training]
[2025-05-06 11:44:41,581: WARNING: saving_utils: Compiled the loaded model, but the compiled metrics have yet to be built. `model.compile_metrics` will be empty until you train or evaluate the model.]
[2025-05-06 11:46:31,936: INFO: common: yaml file: config\config.yaml loaded successfully]
[2025-05-06 11:46:31,938: INFO: common: yaml file: params.yaml loaded successfully]
[2025-05-06 11:46:31,940: INFO: common: created directory at: artifacts]
[2025-05-06 11:46:31,943: INFO: common: created directory at: artifacts\training]
[2025-05-06 11:46:48,623: WARNING: saving_api: You are saving your model as an HDF5 file via `model.save()` or `keras.saving.save_model(model)`. This file format is considered legacy. We recommend using instead the native Keras format, e.g. `model.save('my_model.keras')` or `keras.saving.save_model(model, 'my_model.keras')`. ]
